<?xml version="1.0" encoding="UTF-8"?>
<testsuite name="ru.cmc.msu.genealogy.dao.impl.RelationDAOImplMockTest" tests="2" skipped="0" failures="0" errors="0" timestamp="2026-03-31T14:06:08" hostname="userinvalid" time="0.08">
  <properties/>
  <testcase name="testGetRelationsByPersonDeduplicatesAndKeepsOrder" classname="ru.cmc.msu.genealogy.dao.impl.RelationDAOImplMockTest" time="0.067"/>
  <testcase name="testQueryMethodsSuccessAndFailure" classname="ru.cmc.msu.genealogy.dao.impl.RelationDAOImplMockTest" time="0.011"/>
  <system-out><![CDATA[]]></system-out>
  <system-err><![CDATA[]]></system-err>
</testsuite>
