<?xml version="1.0" encoding="UTF-8"?>
<testsuite name="ru.cmc.msu.genealogy.dao.CommonDAOImplBranchTest" tests="4" skipped="0" failures="0" errors="0" timestamp="2026-03-31T14:06:03" hostname="userinvalid" time="0.736">
  <properties/>
  <testcase name="testDeleteByIdForExistingEntityRemovesIt" classname="ru.cmc.msu.genealogy.dao.CommonDAOImplBranchTest" time="0.392"/>
  <testcase name="testDeleteByIdForMissingEntityDoesNothing" classname="ru.cmc.msu.genealogy.dao.CommonDAOImplBranchTest" time="0.081"/>
  <testcase name="testDeleteUsesMergeBranchForDetachedEntity" classname="ru.cmc.msu.genealogy.dao.CommonDAOImplBranchTest" time="0.057"/>
  <testcase name="testSaveCollectionWithEmptyCollectionDoesNothing" classname="ru.cmc.msu.genealogy.dao.CommonDAOImplBranchTest" time="0.047"/>
  <system-out><![CDATA[17:05:59.793 [Test worker] DEBUG org.springframework.test.context.support.AbstractDirtiesContextTestExecutionListener - Before test class: context [DefaultTestContext@1626bddf testClass = CommonDAOImplBranchTest, testInstance = [null], testMethod = [null], testException = [null], mergedContextConfiguration = [WebMergedContextConfiguration@29532e91 testClass = CommonDAOImplBranchTest, locations = '{}', classes = '{class ru.cmc.msu.genealogy.GenealogyApplication}', contextInitializerClasses = '[]', activeProfiles = '{}', propertySourceLocations = '{classpath:application.properties}', propertySourceProperties = '{org.springframework.boot.test.context.SpringBootTestContextBootstrapper=true}', contextCustomizers = set[org.springframework.boot.test.autoconfigure.actuate.metrics.MetricsExportContextCustomizerFactory$DisableMetricExportContextCustomizer@3f9f71ff, org.springframework.boot.test.autoconfigure.properties.PropertyMappingContextCustomizer@0, org.springframework.boot.test.autoconfigure.web.servlet.WebDriverContextCustomizerFactory$Customizer@6fd12c5, org.springframework.boot.test.context.filter.ExcludeFilterContextCustomizer@61a1ea2c, org.springframework.boot.test.json.DuplicateJsonObjectContextCustomizerFactory$DuplicateJsonObjectContextCustomizer@42c28305, org.springframework.boot.test.mock.mockito.MockitoContextCustomizer@0, org.springframework.boot.test.web.client.TestRestTemplateContextCustomizer@332820f4, org.springframework.boot.test.context.SpringBootTestArgs@1, org.springframework.boot.test.context.SpringBootTestWebEnvironment@71f96dfb], resourceBasePath = 'src/main/webapp', contextLoader = 'org.springframework.boot.test.context.SpringBootContextLoader', parent = [null]], attributes = map['org.springframework.test.context.web.ServletTestExecutionListener.activateListener' -> true]], class annotated with @DirtiesContext [false] with mode [null].

  .   ____          _            __ _ _
 /\\ / ___'_ __ _ _(_)_ __  __ _ \ \ \ \
( ( )\___ | '_ | '_| | '_ \/ _` | \ \ \ \
 \\/  ___)| |_)| | | | | || (_| |  ) ) ) )
  '  |____| .__|_| |_|_| |_\__, | / / / /
 =========|_|==============|___/=/_/_/_/
 :: Spring Boot ::               (v2.7.18)

2026-03-31 17:06:00.555  INFO 117136 --- [    Test worker] r.c.m.g.dao.CommonDAOImplBranchTest      : Starting CommonDAOImplBranchTest using Java 17.0.18 on userinvalid with PID 117136 (/home/userinvalid/Desktop/work/sem_6/java-prac-cmc-msu/build/classes/java/test started by userinvalid in /home/userinvalid/Desktop/work/sem_6/java-prac-cmc-msu)
2026-03-31 17:06:00.558  INFO 117136 --- [    Test worker] r.c.m.g.dao.CommonDAOImplBranchTest      : No active profile set, falling back to 1 default profile: "default"
2026-03-31 17:06:02.061  INFO 117136 --- [    Test worker] org.hibernate.Version                    : HHH000412: Hibernate ORM core version 5.6.15.Final
2026-03-31 17:06:02.129  INFO 117136 --- [    Test worker] o.hibernate.annotations.common.Version   : HCANN000001: Hibernate Commons Annotations {5.1.2.Final}
2026-03-31 17:06:02.562  INFO 117136 --- [    Test worker] org.hibernate.dialect.Dialect            : HHH000400: Using dialect: org.hibernate.dialect.PostgreSQL10Dialect
2026-03-31 17:06:03.367  WARN 117136 --- [    Test worker] JpaBaseConfiguration$JpaWebConfiguration : spring.jpa.open-in-view is enabled by default. Therefore, database queries may be performed during view rendering. Explicitly configure spring.jpa.open-in-view to disable this warning
2026-03-31 17:06:03.840  INFO 117136 --- [    Test worker] r.c.m.g.dao.CommonDAOImplBranchTest      : Started CommonDAOImplBranchTest in 3.973 seconds (JVM running for 8.149)
]]></system-out>
  <system-err><![CDATA[]]></system-err>
</testsuite>
