<?xml version="1.0" encoding="UTF-8"?>
<testsuite name="ru.cmc.msu.genealogy.dao.PersonDAOTest" tests="10" skipped="0" failures="0" errors="0" timestamp="2026-03-31T14:06:04" hostname="userinvalid" time="0.858">
  <properties/>
  <testcase name="testDelete" classname="ru.cmc.msu.genealogy.dao.PersonDAOTest" time="0.06"/>
  <testcase name="testFindByName" classname="ru.cmc.msu.genealogy.dao.PersonDAOTest" time="0.035"/>
  <testcase name="testFindExactByName" classname="ru.cmc.msu.genealogy.dao.PersonDAOTest" time="0.029"/>
  <testcase name="testGetAllAndGetById" classname="ru.cmc.msu.genealogy.dao.PersonDAOTest" time="0.04"/>
  <testcase name="testGetAllOrderedByBirthDate" classname="ru.cmc.msu.genealogy.dao.PersonDAOTest" time="0.019"/>
  <testcase name="testGetAllOrderedByBirthDatePlacesPeopleWithoutBirthDateLast" classname="ru.cmc.msu.genealogy.dao.PersonDAOTest" time="0.038"/>
  <testcase name="testGetAllOrderedByName" classname="ru.cmc.msu.genealogy.dao.PersonDAOTest" time="0.019"/>
  <testcase name="testSaveAndDeleteById" classname="ru.cmc.msu.genealogy.dao.PersonDAOTest" time="0.112"/>
  <testcase name="testSaveCollection" classname="ru.cmc.msu.genealogy.dao.PersonDAOTest" time="0.069"/>
  <testcase name="testUpdate" classname="ru.cmc.msu.genealogy.dao.PersonDAOTest" time="0.052"/>
  <system-out><![CDATA[]]></system-out>
  <system-err><![CDATA[]]></system-err>
</testsuite>
