<?xml version="1.0" encoding="UTF-8"?>
<testsuite name="ru.cmc.msu.genealogy.dao.PersonPlaceDAOTest" tests="5" skipped="0" failures="0" errors="0" timestamp="2026-03-31T14:06:05" hostname="userinvalid" time="0.558">
  <properties/>
  <testcase name="testGetAllAndGetById" classname="ru.cmc.msu.genealogy.dao.PersonPlaceDAOTest" time="0.071"/>
  <testcase name="testGetByPerson" classname="ru.cmc.msu.genealogy.dao.PersonPlaceDAOTest" time="0.038"/>
  <testcase name="testGetByPersonAndGetByPlaceReturnEmptyListsWhenNoLinksExist" classname="ru.cmc.msu.genealogy.dao.PersonPlaceDAOTest" time="0.066"/>
  <testcase name="testGetByPlace" classname="ru.cmc.msu.genealogy.dao.PersonPlaceDAOTest" time="0.039"/>
  <testcase name="testSaveUpdateDeleteAndDeleteById" classname="ru.cmc.msu.genealogy.dao.PersonPlaceDAOTest" time="0.172"/>
  <system-out><![CDATA[]]></system-out>
  <system-err><![CDATA[]]></system-err>
</testsuite>
