<?xml version="1.0" encoding="UTF-8"?>
<testsuite name="ru.cmc.msu.genealogy.dao.PlaceDAOTest" tests="4" skipped="0" failures="0" errors="0" timestamp="2026-03-31T14:06:06" hostname="userinvalid" time="0.369">
  <properties/>
  <testcase name="testFindByName" classname="ru.cmc.msu.genealogy.dao.PlaceDAOTest" time="0.028"/>
  <testcase name="testGetAllAndGetById" classname="ru.cmc.msu.genealogy.dao.PlaceDAOTest" time="0.039"/>
  <testcase name="testGetPlacesByPerson" classname="ru.cmc.msu.genealogy.dao.PlaceDAOTest" time="0.056"/>
  <testcase name="testSaveUpdateDeleteAndDeleteById" classname="ru.cmc.msu.genealogy.dao.PlaceDAOTest" time="0.131"/>
  <system-out><![CDATA[]]></system-out>
  <system-err><![CDATA[]]></system-err>
</testsuite>
