<?xml version="1.0" encoding="UTF-8"?>
<testsuite name="ru.cmc.msu.genealogy.dao.RelationDAOTest" tests="10" skipped="0" failures="0" errors="0" timestamp="2026-03-31T14:06:06" hostname="userinvalid" time="0.889">
  <properties/>
  <testcase name="testGetAllAndGetById" classname="ru.cmc.msu.genealogy.dao.RelationDAOTest" time="0.049"/>
  <testcase name="testGetRelatedPeopleByType" classname="ru.cmc.msu.genealogy.dao.RelationDAOTest" time="0.043"/>
  <testcase name="testGetRelationsByPerson" classname="ru.cmc.msu.genealogy.dao.RelationDAOTest" time="0.047"/>
  <testcase name="testGetRelationsByPersonWhenNoRelationsExist" classname="ru.cmc.msu.genealogy.dao.RelationDAOTest" time="0.038"/>
  <testcase name="testGetRelationsByPersonWhenOnlyRelatedRelationsExist" classname="ru.cmc.msu.genealogy.dao.RelationDAOTest" time="0.066"/>
  <testcase name="testGetRelationsByPersonWhenOnlyTargetRelationsExist" classname="ru.cmc.msu.genealogy.dao.RelationDAOTest" time="0.062"/>
  <testcase name="testGetRelationsByRelatedPerson" classname="ru.cmc.msu.genealogy.dao.RelationDAOTest" time="0.027"/>
  <testcase name="testGetRelationsByTargetPerson" classname="ru.cmc.msu.genealogy.dao.RelationDAOTest" time="0.03"/>
  <testcase name="testGetTargetPeopleByType" classname="ru.cmc.msu.genealogy.dao.RelationDAOTest" time="0.039"/>
  <testcase name="testSaveUpdateDeleteAndDeleteById" classname="ru.cmc.msu.genealogy.dao.RelationDAOTest" time="0.155"/>
  <system-out><![CDATA[]]></system-out>
  <system-err><![CDATA[]]></system-err>
</testsuite>
